2016-11-19 16:52:21,597 INFO  [main] root: node10:Initialize server ...
2016-11-19 16:52:21,627 INFO  [main] root: node10:Server listening on port: 50000
2016-11-19 16:53:18,434 INFO  [main] root: node10:Checking input stream ...
2016-11-19 16:53:18,471 INFO  [main] root: Header: ￿-
2016-11-19 16:53:18,482 INFO  [main] root: node10:Connected to localhost on port 61069
2016-11-19 16:53:18,482 INFO  [main] root: node10:Checking input stream ...
2016-11-19 16:53:18,483 INFO  [main] root: Header: ECS-
2016-11-19 16:53:18,483 INFO  [main] root: node10:Connection to ECS established
2016-11-19 16:53:18,491 DEBUG [Thread-0] root: EcsConnection started thread...
2016-11-19 16:53:18,492 DEBUG [Thread-0] root: Start receiving message
2016-11-19 16:53:18,492 INFO  [main] root: node10:Connected to localhost on port 61070
2016-11-19 16:53:18,492 INFO  [Thread-0] root: Communicator starts receiving message
2016-11-19 16:53:18,496 INFO  [Thread-0] root: RECEIVE from 	<127.0.0.1:61070
2016-11-19 16:53:18,496 INFO  [Thread-0] root: Received message status: SERVER_START_END_INDEX
2016-11-19 16:53:18,496 DEBUG [Thread-0] root: ECS request to initialize start and end index
2016-11-19 16:53:18,496 INFO  [Thread-0] root: node10:Server got start index [24, 77, 63, -73, 94, -79, 43, 46, 77, -125, -91, -15, -64, -11, 57, 41]
2016-11-19 16:53:18,496 INFO  [Thread-0] root: node10:Server got end index [49, -18, -29, -114, 34, -74, -49, 25, 124, 65, 75, -116, 36, -86, 87, 111]
2016-11-19 16:53:18,496 INFO  [Thread-0] root: Sending message ...
2016-11-19 16:53:18,498 INFO  [Thread-0] root: SEND to 	<127.0.0.1:61070
2016-11-19 16:53:18,498 DEBUG [Thread-0] root: Message sent
2016-11-19 16:53:18,499 DEBUG [Thread-0] root: Start receiving message
2016-11-19 16:53:18,499 INFO  [Thread-0] root: Communicator starts receiving message
2016-11-19 16:53:18,510 INFO  [Thread-0] root: RECEIVE from 	<127.0.0.1:61070
2016-11-19 16:53:18,510 INFO  [Thread-0] root: Received message status: META_DATA_TABLE
2016-11-19 16:53:18,510 DEBUG [Thread-0] root: Receive meta data table
2016-11-19 16:53:18,510 INFO  [Thread-0] root: Sending message ...
2016-11-19 16:53:18,510 INFO  [Thread-0] root: SEND to 	<127.0.0.1:61070
2016-11-19 16:53:18,510 DEBUG [Thread-0] root: Message sent
2016-11-19 16:53:34,317 DEBUG [Thread-0] root: Start receiving message
2016-11-19 16:53:34,326 INFO  [Thread-0] root: Communicator starts receiving message
2016-11-19 16:53:34,327 INFO  [Thread-0] root: RECEIVE from 	<127.0.0.1:61070
2016-11-19 16:53:34,327 INFO  [Thread-0] root: Received message status: START
2016-11-19 16:53:34,327 DEBUG [Thread-0] root: Got ECS request to start server. Server started
2016-11-19 16:53:34,327 INFO  [Thread-0] root: Sending message ...
2016-11-19 16:53:34,327 INFO  [Thread-0] root: SEND to 	<127.0.0.1:61070
2016-11-19 16:53:34,327 DEBUG [Thread-0] root: Message sent
2016-11-19 17:05:37,345 INFO  [main] root: node9:Initialize server ...
2016-11-19 17:05:37,399 INFO  [main] root: node9:Server listening on port: 50000
2016-11-19 17:06:42,621 INFO  [main] root: node9:Checking input stream ...
2016-11-19 17:06:42,632 INFO  [main] root: Header: ￿-
2016-11-19 17:06:42,641 INFO  [main] root: node9:Connected to localhost on port 61132
2016-11-19 17:06:42,642 INFO  [main] root: node9:Checking input stream ...
2016-11-19 17:06:42,642 INFO  [main] root: Header: ECS-
2016-11-19 17:06:42,642 INFO  [main] root: node9:Connection to ECS established
2016-11-19 17:06:42,655 DEBUG [Thread-0] root: EcsConnection started thread...
2016-11-19 17:06:42,656 INFO  [main] root: node9:Connected to localhost on port 61133
2016-11-19 17:06:42,656 DEBUG [Thread-0] root: Start receiving message
2016-11-19 17:06:42,656 INFO  [Thread-0] root: Communicator starts receiving message
2016-11-19 17:06:42,663 INFO  [Thread-0] root: RECEIVE from 	<127.0.0.1:61133
2016-11-19 17:06:42,663 INFO  [Thread-0] root: Received message status: SERVER_START_END_INDEX
2016-11-19 17:06:42,663 DEBUG [Thread-0] root: ECS request to initialize start and end index
2016-11-19 17:06:42,664 INFO  [Thread-0] root: node9:Server got start index [24, 77, 63, -73, 94, -79, 43, 46, 77, -125, -91, -15, -64, -11, 57, 41]
2016-11-19 17:06:42,664 INFO  [Thread-0] root: node9:Server got end index [49, -18, -29, -114, 34, -74, -49, 25, 124, 65, 75, -116, 36, -86, 87, 111]
2016-11-19 17:06:42,664 INFO  [Thread-0] root: Sending message ...
2016-11-19 17:06:42,665 INFO  [Thread-0] root: SEND to 	<127.0.0.1:61133
2016-11-19 17:06:42,665 DEBUG [Thread-0] root: Message sent
2016-11-19 17:06:42,666 DEBUG [Thread-0] root: Start receiving message
2016-11-19 17:06:42,666 INFO  [Thread-0] root: Communicator starts receiving message
2016-11-19 17:06:42,676 INFO  [Thread-0] root: RECEIVE from 	<127.0.0.1:61133
2016-11-19 17:06:42,676 INFO  [Thread-0] root: Received message status: META_DATA_TABLE
2016-11-19 17:06:42,677 DEBUG [Thread-0] root: Receive meta data table
2016-11-19 17:06:42,677 INFO  [Thread-0] root: Sending message ...
2016-11-19 17:06:42,677 INFO  [Thread-0] root: SEND to 	<127.0.0.1:61133
2016-11-19 17:06:42,677 DEBUG [Thread-0] root: Message sent
2016-11-19 17:09:33,773 INFO  [main] root: node9:Initialize server ...
2016-11-19 17:09:33,798 INFO  [main] root: node9:Server listening on port: 50000
2016-11-19 17:13:33,970 INFO  [main] root: node9:Checking input stream ...
2016-11-19 17:13:33,981 INFO  [main] root: Header: ￿-
2016-11-19 17:13:34,000 INFO  [main] root: node9:Connected to localhost on port 61158
2016-11-19 17:13:34,000 INFO  [main] root: node9:Checking input stream ...
2016-11-19 17:13:34,000 INFO  [main] root: Header: ECS-
2016-11-19 17:13:34,000 INFO  [main] root: node9:Connection to ECS established
2016-11-19 17:13:34,013 DEBUG [Thread-0] root: EcsConnection started thread...
2016-11-19 17:13:34,013 INFO  [main] root: node9:Connected to localhost on port 61159
2016-11-19 17:13:34,014 DEBUG [Thread-0] root: Start receiving message
2016-11-19 17:13:34,014 INFO  [Thread-0] root: Communicator starts receiving message
2016-11-19 17:13:34,020 INFO  [Thread-0] root: RECEIVE from 	<127.0.0.1:61159
2016-11-19 17:13:34,020 INFO  [Thread-0] root: Received message status: SERVER_START_END_INDEX
2016-11-19 17:13:34,020 DEBUG [Thread-0] root: ECS request to initialize start and end index
2016-11-19 17:13:34,021 INFO  [Thread-0] root: node9:Server got start index [24, 77, 63, -73, 94, -79, 43, 46, 77, -125, -91, -15, -64, -11, 57, 41]
2016-11-19 17:13:34,021 INFO  [Thread-0] root: node9:Server got end index [49, -18, -29, -114, 34, -74, -49, 25, 124, 65, 75, -116, 36, -86, 87, 111]
2016-11-19 17:13:34,021 INFO  [Thread-0] root: Sending message ...
2016-11-19 17:13:34,021 INFO  [Thread-0] root: SEND to 	<127.0.0.1:61159
2016-11-19 17:13:34,022 DEBUG [Thread-0] root: Message sent
2016-11-19 17:13:34,022 DEBUG [Thread-0] root: Start receiving message
2016-11-19 17:13:34,022 INFO  [Thread-0] root: Communicator starts receiving message
2016-11-19 17:13:34,034 INFO  [Thread-0] root: RECEIVE from 	<127.0.0.1:61159
2016-11-19 17:13:34,034 INFO  [Thread-0] root: Received message status: META_DATA_TABLE
2016-11-19 17:13:34,034 DEBUG [Thread-0] root: Receive meta data table
2016-11-19 17:13:34,034 INFO  [Thread-0] root: Sending message ...
2016-11-19 17:13:34,035 INFO  [Thread-0] root: SEND to 	<127.0.0.1:61159
2016-11-19 17:13:34,035 DEBUG [Thread-0] root: Message sent
2016-11-19 17:16:55,779 INFO  [main] root: node9:Initialize server ...
2016-11-19 17:16:55,839 INFO  [main] root: node9:Server listening on port: 50000
2016-11-19 17:18:06,477 INFO  [main] root: node9:Initialize server ...
2016-11-19 17:18:06,492 INFO  [main] root: node9:Server listening on port: 50000
2016-11-19 17:18:41,812 INFO  [main] root: node10:Initialize server ...
2016-11-19 17:18:41,827 INFO  [main] root: node10:Server listening on port: 50000
2016-11-19 17:19:22,143 INFO  [main] root: node10:Checking input stream ...
2016-11-19 17:19:22,158 INFO  [main] root: Header: ￿-
2016-11-19 17:19:22,165 INFO  [main] root: node10:Connected to localhost on port 61181
2016-11-19 17:19:22,165 INFO  [main] root: node10:Checking input stream ...
2016-11-19 17:19:22,165 INFO  [main] root: Header: ECS-
2016-11-19 17:19:22,165 INFO  [main] root: node10:Connection to ECS established
2016-11-19 17:19:22,201 DEBUG [Thread-0] root: EcsConnection started thread...
2016-11-19 17:19:22,201 DEBUG [Thread-0] root: Start receiving message
2016-11-19 17:19:22,202 INFO  [main] root: node10:Connected to localhost on port 61182
2016-11-19 17:19:22,202 INFO  [Thread-0] root: Communicator starts receiving message
2016-11-19 17:19:22,205 INFO  [Thread-0] root: RECEIVE from 	<127.0.0.1:61182
2016-11-19 17:19:22,206 INFO  [Thread-0] root: Received message status: SERVER_START_END_INDEX
2016-11-19 17:19:22,206 DEBUG [Thread-0] root: ECS request to initialize start and end index
2016-11-19 17:19:22,206 INFO  [Thread-0] root: node10:Server got start index [24, 77, 63, -73, 94, -79, 43, 46, 77, -125, -91, -15, -64, -11, 57, 41]
2016-11-19 17:19:22,206 INFO  [Thread-0] root: node10:Server got end index [49, -18, -29, -114, 34, -74, -49, 25, 124, 65, 75, -116, 36, -86, 87, 111]
2016-11-19 17:19:22,206 INFO  [Thread-0] root: Sending message ...
2016-11-19 17:19:22,207 INFO  [Thread-0] root: SEND to 	<127.0.0.1:61182
2016-11-19 17:19:22,207 DEBUG [Thread-0] root: Message sent
2016-11-19 17:19:22,208 DEBUG [Thread-0] root: Start receiving message
2016-11-19 17:19:22,208 INFO  [Thread-0] root: Communicator starts receiving message
2016-11-19 17:19:22,216 INFO  [Thread-0] root: RECEIVE from 	<127.0.0.1:61182
2016-11-19 17:19:22,216 INFO  [Thread-0] root: Received message status: META_DATA_TABLE
2016-11-19 17:19:22,216 DEBUG [Thread-0] root: Receive meta data table
2016-11-19 17:19:22,216 INFO  [Thread-0] root: Sending message ...
2016-11-19 17:19:22,216 INFO  [Thread-0] root: SEND to 	<127.0.0.1:61182
2016-11-19 17:19:22,217 DEBUG [Thread-0] root: Message sent
