2016-11-01 10:41:57,059 INFO  [main] root: 
2016-11-01 10:44:23,333 INFO  [main] root: 
2016-11-01 10:48:59,240 INFO  [main] root: Try to establish connection with address: localhost/50000
2016-11-01 10:48:59,499 INFO  [main] root: Connection established successfuly
2016-11-01 10:49:10,658 DEBUG [main] root: Message to send in byte: [80, 85, 84, 31, 49, 50, 51, 31, 104, 101, 108, 108, 111, 13]
2016-11-01 10:49:10,716 DEBUG [main] root: Recieved message in byte: [80, 85, 84, 95, 83, 85, 67, 67, 69, 83, 83, 31, 13]
2016-11-01 10:49:18,807 DEBUG [main] root: Message to send in byte: [71, 69, 84, 31, 49, 50, 51, 31, 13]
2016-11-01 10:49:18,809 DEBUG [main] root: Recieved message in byte: [71, 69, 84, 95, 83, 85, 67, 67, 69, 83, 83, 31, 104, 101, 108, 108, 111, 13]
2016-11-01 10:49:55,080 INFO  [main] root: Connection to server was closed
2016-11-01 10:50:16,691 INFO  [main] root: Try to establish connection with address: localhost/50000
2016-11-01 10:50:16,718 INFO  [main] root: Connection established successfuly
2016-11-01 10:50:20,756 DEBUG [main] root: Message to send in byte: [71, 69, 84, 31, 49, 50, 51, 31, 13]
2016-11-01 10:50:20,759 DEBUG [main] root: Recieved message in byte: [71, 69, 84, 95, 69, 82, 82, 79, 82, 31, 13]
2016-11-01 10:50:31,433 DEBUG [main] root: Message to send in byte: [80, 85, 84, 31, 49, 50, 51, 31, 104, 101, 108, 108, 111, 13]
2016-11-01 10:50:31,435 DEBUG [main] root: Recieved message in byte: [80, 85, 84, 95, 83, 85, 67, 67, 69, 83, 83, 31, 13]
2016-11-01 10:50:41,952 INFO  [main] root: Connection to server was closed
2016-11-01 10:50:57,183 INFO  [main] root: Try to establish connection with address: localhost/50000
2016-11-01 10:50:57,186 INFO  [main] root: Connection established successfuly
2016-11-01 10:51:00,924 DEBUG [main] root: Message to send in byte: [71, 69, 84, 31, 49, 50, 51, 31, 13]
2016-11-01 10:51:00,925 DEBUG [main] root: Recieved message in byte: [71, 69, 84, 95, 69, 82, 82, 79, 82, 31, 13]
2016-11-01 11:00:01,344 INFO  [main] root: Try to establish connection with address: localhost/50000
2016-11-01 11:00:01,424 INFO  [main] root: Connection established successfuly
2016-11-01 11:00:11,340 DEBUG [main] root: Message to send in byte: [80, 85, 84, 31, 49, 50, 51, 31, 68, 105, 109, 97, 13]
2016-11-01 11:00:11,374 DEBUG [main] root: Recieved message in byte: [80, 85, 84, 95, 83, 85, 67, 67, 69, 83, 83, 31, 13]
2016-11-01 11:00:18,973 DEBUG [main] root: Message to send in byte: [80, 85, 84, 31, 49, 53, 52, 31, 83, 97, 115, 104, 97, 13]
2016-11-01 11:00:18,974 DEBUG [main] root: Recieved message in byte: [80, 85, 84, 95, 83, 85, 67, 67, 69, 83, 83, 31, 13]
2016-11-01 11:00:22,763 DEBUG [main] root: Message to send in byte: [71, 69, 84, 31, 49, 53, 52, 31, 13]
2016-11-01 11:00:22,763 DEBUG [main] root: Recieved message in byte: [71, 69, 84, 95, 83, 85, 67, 67, 69, 83, 83, 31, 83, 97, 115, 104, 97, 13]
2016-11-01 11:00:25,479 DEBUG [main] root: Message to send in byte: [71, 69, 84, 31, 49, 50, 51, 31, 13]
2016-11-01 11:00:25,480 DEBUG [main] root: Recieved message in byte: [71, 69, 84, 95, 83, 85, 67, 67, 69, 83, 83, 31, 68, 105, 109, 97, 13]
2016-11-01 11:00:29,055 DEBUG [main] root: Message to send in byte: [71, 69, 84, 31, 49, 53, 52, 31, 13]
2016-11-01 11:00:29,056 DEBUG [main] root: Recieved message in byte: [71, 69, 84, 95, 83, 85, 67, 67, 69, 83, 83, 31, 83, 97, 115, 104, 97, 13]
2016-11-01 11:00:31,741 DEBUG [main] root: Message to send in byte: [71, 69, 84, 31, 49, 50, 51, 31, 13]
2016-11-01 11:00:31,742 DEBUG [main] root: Recieved message in byte: [71, 69, 84, 95, 83, 85, 67, 67, 69, 83, 83, 31, 68, 105, 109, 97, 13]
2016-11-01 11:00:35,675 INFO  [main] root: Connection to server was closed
2016-11-01 11:00:40,718 INFO  [main] root: Try to establish connection with address: localhost/50000
2016-11-01 11:00:40,720 INFO  [main] root: Connection established successfuly
2016-11-01 11:00:42,727 DEBUG [main] root: Message to send in byte: [71, 69, 84, 31, 49, 50, 51, 31, 13]
2016-11-01 11:00:42,728 DEBUG [main] root: Recieved message in byte: [71, 69, 84, 95, 83, 85, 67, 67, 69, 83, 83, 31, 68, 105, 109, 97, 13]
2016-11-01 11:00:45,252 DEBUG [main] root: Message to send in byte: [71, 69, 84, 31, 49, 53, 52, 31, 13]
2016-11-01 11:00:45,253 DEBUG [main] root: Recieved message in byte: [71, 69, 84, 95, 83, 85, 67, 67, 69, 83, 83, 31, 83, 97, 115, 104, 97, 13]
2016-11-01 11:00:48,831 INFO  [main] root: Connection to server was closed
2016-11-01 11:00:52,980 INFO  [main] root: Put failed. No connection!
2016-11-01 11:01:01,015 DEBUG [main] root: Message to send in byte: [71, 69, 84, 31, 49, 50, 51, 31, 13]
2016-11-01 11:01:01,043 ERROR [main] root: Socket closed
2016-11-01 11:01:07,948 DEBUG [main] root: Message to send in byte: [71, 69, 84, 31, 49, 50, 51, 31, 13]
2016-11-01 11:01:07,948 ERROR [main] root: Socket closed
2016-11-01 11:01:19,686 INFO  [main] root: Try to establish connection with address: localhost/50000
2016-11-01 11:01:19,689 INFO  [main] root: Connection established successfuly
2016-11-01 11:01:24,000 DEBUG [main] root: Message to send in byte: [71, 69, 84, 31, 49, 50, 51, 31, 13]
2016-11-01 11:01:24,002 DEBUG [main] root: Recieved message in byte: [71, 69, 84, 95, 83, 85, 67, 67, 69, 83, 83, 31, 68, 105, 109, 97, 13]
2016-11-01 11:01:32,583 DEBUG [main] root: Message to send in byte: [80, 85, 84, 31, 49, 50, 51, 31, 110, 111, 110, 97, 13]
2016-11-01 11:01:32,585 DEBUG [main] root: Recieved message in byte: [80, 85, 84, 95, 85, 80, 68, 65, 84, 69, 31, 110, 111, 110, 97, 13]
2016-11-01 11:01:35,160 DEBUG [main] root: Message to send in byte: [71, 69, 84, 31, 49, 50, 51, 31, 13]
2016-11-01 11:01:35,161 DEBUG [main] root: Recieved message in byte: [71, 69, 84, 95, 83, 85, 67, 67, 69, 83, 83, 31, 110, 111, 110, 97, 13]
2016-11-01 11:01:39,017 DEBUG [main] root: Message to send in byte: [71, 69, 84, 31, 49, 53, 52, 31, 13]
2016-11-01 11:01:39,042 DEBUG [main] root: Recieved message in byte: [71, 69, 84, 95, 83, 85, 67, 67, 69, 83, 83, 31, 83, 97, 115, 104, 97, 13]
2016-11-01 11:01:42,468 DEBUG [main] root: Message to send in byte: [71, 69, 84, 31, 49, 50, 51, 31, 13]
2016-11-01 11:01:42,469 DEBUG [main] root: Recieved message in byte: [71, 69, 84, 95, 83, 85, 67, 67, 69, 83, 83, 31, 110, 111, 110, 97, 13]
2016-11-01 11:01:47,964 DEBUG [main] root: Message to send in byte: [80, 85, 84, 31, 49, 50, 51, 31, 100, 105, 109, 97, 13]
2016-11-01 11:01:47,965 DEBUG [main] root: Recieved message in byte: [80, 85, 84, 95, 85, 80, 68, 65, 84, 69, 31, 100, 105, 109, 97, 13]
2016-11-01 11:01:49,823 DEBUG [main] root: Message to send in byte: [71, 69, 84, 31, 49, 50, 51, 31, 13]
2016-11-01 11:01:49,824 DEBUG [main] root: Recieved message in byte: [71, 69, 84, 95, 83, 85, 67, 67, 69, 83, 83, 31, 100, 105, 109, 97, 13]
2016-11-01 11:01:59,227 DEBUG [main] root: Message to send in byte: [80, 85, 84, 31, 49, 50, 51, 31, 110, 117, 108, 108, 13]
2016-11-01 11:01:59,228 DEBUG [main] root: Recieved message in byte: [68, 69, 76, 69, 84, 69, 95, 83, 85, 67, 67, 69, 83, 83, 31, 13]
2016-11-01 11:02:06,688 DEBUG [main] root: Message to send in byte: [71, 69, 84, 31, 49, 50, 51, 31, 13]
2016-11-01 11:02:06,689 DEBUG [main] root: Recieved message in byte: [71, 69, 84, 95, 69, 82, 82, 79, 82, 31, 13]
2016-11-01 11:02:11,333 DEBUG [main] root: Message to send in byte: [71, 69, 84, 31, 49, 50, 53, 50, 49, 51, 31, 13]
2016-11-01 11:02:11,334 DEBUG [main] root: Recieved message in byte: [71, 69, 84, 95, 69, 82, 82, 79, 82, 31, 13]
2016-11-01 11:02:14,646 DEBUG [main] root: Message to send in byte: [71, 69, 84, 31, 49, 53, 52, 31, 13]
2016-11-01 11:02:14,647 DEBUG [main] root: Recieved message in byte: [71, 69, 84, 95, 83, 85, 67, 67, 69, 83, 83, 31, 83, 97, 115, 104, 97, 13]
2016-11-01 11:02:25,894 DEBUG [main] root: Message to send in byte: [80, 85, 84, 31, 49, 53, 52, 31, 110, 117, 108, 108, 13]
2016-11-01 11:02:25,896 DEBUG [main] root: Recieved message in byte: [68, 69, 76, 69, 84, 69, 95, 83, 85, 67, 67, 69, 83, 83, 31, 13]
2016-11-01 11:03:36,178 INFO  [main] root: Try to establish connection with address: localhost/50000
2016-11-01 11:03:36,233 INFO  [main] root: Connection established successfuly
2016-11-01 11:03:43,230 DEBUG [main] root: Message to send in byte: [71, 69, 84, 31, 49, 50, 51, 31, 13]
2016-11-01 11:03:43,253 DEBUG [main] root: Recieved message in byte: [71, 69, 84, 95, 69, 82, 82, 79, 82, 31, 13]
2016-11-01 11:03:47,889 DEBUG [main] root: Message to send in byte: [80, 85, 84, 31, 49, 31, 97, 13]
2016-11-01 11:03:47,917 DEBUG [main] root: Recieved message in byte: [80, 85, 84, 95, 83, 85, 67, 67, 69, 83, 83, 31, 13]
2016-11-01 11:03:50,251 DEBUG [main] root: Message to send in byte: [80, 85, 84, 31, 50, 31, 98, 13]
2016-11-01 11:03:50,252 DEBUG [main] root: Recieved message in byte: [80, 85, 84, 95, 83, 85, 67, 67, 69, 83, 83, 31, 13]
2016-11-01 11:03:53,472 DEBUG [main] root: Message to send in byte: [80, 85, 84, 31, 51, 31, 99, 13]
2016-11-01 11:03:53,473 DEBUG [main] root: Recieved message in byte: [80, 85, 84, 95, 83, 85, 67, 67, 69, 83, 83, 31, 13]
2016-11-01 11:03:57,197 DEBUG [main] root: Message to send in byte: [80, 85, 84, 31, 52, 31, 100, 13]
2016-11-01 11:03:57,197 DEBUG [main] root: Recieved message in byte: [80, 85, 84, 95, 83, 85, 67, 67, 69, 83, 83, 31, 13]
2016-11-01 11:04:01,752 DEBUG [main] root: Message to send in byte: [80, 85, 84, 31, 53, 31, 101, 13]
2016-11-01 11:04:01,753 DEBUG [main] root: Recieved message in byte: [80, 85, 84, 95, 83, 85, 67, 67, 69, 83, 83, 31, 13]
2016-11-01 11:04:06,528 DEBUG [main] root: Message to send in byte: [80, 85, 84, 31, 54, 31, 102, 13]
2016-11-01 11:04:06,529 DEBUG [main] root: Recieved message in byte: [80, 85, 84, 95, 83, 85, 67, 67, 69, 83, 83, 31, 13]
2016-11-01 11:04:25,964 DEBUG [main] root: Message to send in byte: [71, 69, 84, 31, 53, 31, 13]
2016-11-01 11:04:25,965 DEBUG [main] root: Recieved message in byte: [71, 69, 84, 95, 83, 85, 67, 67, 69, 83, 83, 31, 101, 13]
2016-11-01 11:04:28,163 DEBUG [main] root: Message to send in byte: [71, 69, 84, 31, 54, 31, 13]
2016-11-01 11:04:28,164 DEBUG [main] root: Recieved message in byte: [71, 69, 84, 95, 83, 85, 67, 67, 69, 83, 83, 31, 102, 13]
2016-11-01 11:10:31,846 INFO  [main] root: Try to establish connection with address: localhost/50000
2016-11-01 11:10:31,968 INFO  [main] root: Connection established successfuly
2016-11-01 11:12:17,529 INFO  [main] root: Try to establish connection with address: localhost/50000
2016-11-01 11:12:17,621 INFO  [main] root: Connection established successfuly
2016-11-01 11:14:07,694 INFO  [main] root: Try to establish connection with address: localhost/50000
2016-11-01 11:14:07,717 INFO  [main] root: Connection refused
2016-11-01 11:14:33,950 INFO  [main] root: Try to establish connection with address: localhost/50000
2016-11-01 11:14:33,971 INFO  [main] root: Connection established successfuly
2016-11-01 11:15:32,698 INFO  [main] root: Try to establish connection with address: localhost/50000
2016-11-01 11:15:32,772 INFO  [main] root: Connection established successfuly
2016-11-01 11:15:34,938 DEBUG [main] root: Message to send in byte: [71, 69, 84, 31, 49, 31, 13]
2016-11-01 11:18:06,158 DEBUG [main] root: Recieved message in byte: [-1]
2016-11-01 11:18:06,159 INFO  [main] root: Get failed. No enum constant common.messages.KVMessage.StatusType.
2016-11-01 11:18:37,429 INFO  [main] root: Try to establish connection with address: localhost/50000
2016-11-01 11:18:37,496 INFO  [main] root: Connection established successfuly
2016-11-01 11:18:46,103 DEBUG [main] root: Message to send in byte: [71, 69, 84, 31, 49, 31, 13]
2016-11-01 11:18:46,111 DEBUG [main] root: Recieved message in byte: [71, 69, 84, 95, 83, 85, 67, 67, 69, 83, 83, 31, 97, 97, 97, 13]
2016-11-01 11:18:48,857 DEBUG [main] root: Message to send in byte: [71, 69, 84, 31, 50, 31, 13]
2016-11-01 11:18:48,858 DEBUG [main] root: Recieved message in byte: [71, 69, 84, 95, 83, 85, 67, 67, 69, 83, 83, 31, 98, 98, 98, 13]
2016-11-01 11:18:53,557 DEBUG [main] root: Message to send in byte: [71, 69, 84, 31, 53, 31, 13]
2016-11-01 11:18:53,558 DEBUG [main] root: Recieved message in byte: [71, 69, 84, 95, 69, 82, 82, 79, 82, 31, 13]
2016-11-01 11:18:55,306 DEBUG [main] root: Message to send in byte: [71, 69, 84, 31, 49, 31, 13]
2016-11-01 11:18:55,308 DEBUG [main] root: Recieved message in byte: [71, 69, 84, 95, 83, 85, 67, 67, 69, 83, 83, 31, 97, 97, 97, 13]
2016-11-01 11:19:20,076 DEBUG [main] root: Message to send in byte: [71, 69, 84, 31, 51, 31, 13]
2016-11-01 11:19:20,077 DEBUG [main] root: Recieved message in byte: [71, 69, 84, 95, 83, 85, 67, 67, 69, 83, 83, 31, 99, 99, 99, 13]
2016-11-01 11:19:27,744 DEBUG [main] root: Message to send in byte: [80, 85, 84, 31, 53, 31, 107, 107, 107, 13]
2016-11-01 11:19:27,745 DEBUG [main] root: Recieved message in byte: [80, 85, 84, 95, 83, 85, 67, 67, 69, 83, 83, 31, 13]
2016-11-01 11:19:30,261 DEBUG [main] root: Message to send in byte: [80, 85, 84, 31, 54, 31, 115, 115, 100, 102, 115, 13]
2016-11-01 11:19:30,262 DEBUG [main] root: Recieved message in byte: [80, 85, 84, 95, 83, 85, 67, 67, 69, 83, 83, 31, 13]
2016-11-01 11:19:32,812 DEBUG [main] root: Message to send in byte: [80, 85, 84, 31, 55, 31, 115, 100, 102, 115, 100, 102, 13]
2016-11-01 11:19:32,813 DEBUG [main] root: Recieved message in byte: [80, 85, 84, 95, 83, 85, 67, 67, 69, 83, 83, 31, 13]
2016-11-01 11:19:37,020 DEBUG [main] root: Message to send in byte: [80, 85, 84, 31, 56, 31, 115, 97, 100, 102, 115, 97, 100, 102, 13]
2016-11-01 11:19:37,020 DEBUG [main] root: Recieved message in byte: [80, 85, 84, 95, 83, 85, 67, 67, 69, 83, 83, 31, 13]
2016-11-01 13:02:26,805 INFO  [main] root: Try to establish connection with address: 131.159.217.108/50000
2016-11-01 13:02:26,985 INFO  [main] root: Connection established successfuly
2016-11-01 13:02:50,205 DEBUG [main] root: Message to send in byte: [80, 85, 84, 31, 49, 48, 31, 104, 105, 13]
2016-11-01 13:02:50,705 DEBUG [main] root: Recieved message in byte: [80, 85, 84, 95, 83, 85, 67, 67, 69, 83, 83, 31, 13]
2016-11-01 13:03:14,900 DEBUG [main] root: Message to send in byte: [80, 85, 84, 31, 49, 49, 31, 97, 102, 97, 102, 97, 13]
2016-11-01 13:03:14,911 DEBUG [main] root: Recieved message in byte: [80, 85, 84, 95, 83, 85, 67, 67, 69, 83, 83, 31, 13]
2016-11-01 13:03:19,067 DEBUG [main] root: Message to send in byte: [80, 85, 84, 31, 49, 50, 31, 107, 110, 102, 106, 115, 110, 102, 97, 13]
2016-11-01 13:03:19,074 DEBUG [main] root: Recieved message in byte: [80, 85, 84, 95, 83, 85, 67, 67, 69, 83, 83, 31, 13]
2016-11-01 13:03:22,855 DEBUG [main] root: Message to send in byte: [80, 85, 84, 31, 49, 51, 31, 102, 110, 106, 97, 105, 102, 107, 105, 97, 113, 13]
2016-11-01 13:03:22,858 DEBUG [main] root: Recieved message in byte: [80, 85, 84, 95, 83, 85, 67, 67, 69, 83, 83, 31, 13]
2016-11-01 13:03:31,259 DEBUG [main] root: Message to send in byte: [80, 85, 84, 31, 49, 52, 31, 115, 110, 118, 111, 115, 119, 13]
2016-11-01 13:03:31,267 DEBUG [main] root: Recieved message in byte: [80, 85, 84, 95, 83, 85, 67, 67, 69, 83, 83, 31, 13]
2016-11-01 13:03:37,023 DEBUG [main] root: Message to send in byte: [80, 85, 84, 31, 49, 53, 31, 115, 115, 110, 103, 118, 111, 119, 106, 112, 113, 13]
2016-11-01 13:03:37,040 DEBUG [main] root: Recieved message in byte: [80, 85, 84, 95, 83, 85, 67, 67, 69, 83, 83, 31, 13]
2016-11-01 13:03:41,406 DEBUG [main] root: Message to send in byte: [80, 85, 84, 31, 49, 54, 31, 101, 102, 106, 105, 97, 102, 110, 113, 112, 97, 13]
2016-11-01 13:03:41,420 DEBUG [main] root: Recieved message in byte: [80, 85, 84, 95, 83, 85, 67, 67, 69, 83, 83, 31, 13]
2016-11-01 13:04:10,134 DEBUG [main] root: Message to send in byte: [71, 69, 84, 31, 49, 52, 31, 13]
2016-11-01 13:04:10,164 DEBUG [main] root: Recieved message in byte: [71, 69, 84, 95, 83, 85, 67, 67, 69, 83, 83, 31, 115, 110, 118, 111, 115, 119, 13]
2016-11-01 13:04:17,766 DEBUG [main] root: Message to send in byte: [71, 69, 84, 31, 49, 48, 31, 13]
2016-11-01 13:04:17,781 DEBUG [main] root: Recieved message in byte: [71, 69, 84, 95, 83, 85, 67, 67, 69, 83, 83, 31, 104, 105, 13]
2016-11-01 13:04:49,769 DEBUG [main] root: Message to send in byte: [80, 85, 84, 31, 49, 50, 31, 101, 116, 119, 97, 115, 13]
2016-11-01 13:04:49,772 DEBUG [main] root: Recieved message in byte: [80, 85, 84, 95, 83, 85, 67, 67, 69, 83, 83, 31, 13]
2016-11-01 13:04:56,045 DEBUG [main] root: Message to send in byte: [71, 69, 84, 31, 49, 50, 31, 13]
2016-11-01 13:04:56,049 DEBUG [main] root: Recieved message in byte: [71, 69, 84, 95, 83, 85, 67, 67, 69, 83, 83, 31, 101, 116, 119, 97, 115, 13]
2016-11-01 13:08:18,816 DEBUG [main] root: Message to send in byte: [80, 85, 84, 31, 49, 50, 31, 101, 116, 119, 97, 115, 13]
2016-11-01 13:08:18,830 DEBUG [main] root: Recieved message in byte: [-1]
2016-11-01 13:08:18,830 INFO  [main] root: Put failed. No enum constant common.messages.KVMessage.StatusType.
2016-11-01 13:09:47,545 INFO  [main] root: Try to establish connection with address: 131.159.217.108/50000
2016-11-01 13:09:47,901 INFO  [main] root: Connection established successfuly
2016-11-01 13:10:05,357 DEBUG [main] root: Message to send in byte: [80, 85, 84, 31, 49, 48, 31, 101, 116, 119, 97, 115, 13]
2016-11-01 13:10:05,408 DEBUG [main] root: Recieved message in byte: [80, 85, 84, 95, 83, 85, 67, 67, 69, 83, 83, 31, 13]
2016-11-01 13:10:10,335 DEBUG [main] root: Message to send in byte: [71, 69, 84, 31, 49, 48, 31, 13]
2016-11-01 13:10:10,343 DEBUG [main] root: Recieved message in byte: [71, 69, 84, 95, 83, 85, 67, 67, 69, 83, 83, 31, 101, 116, 119, 97, 115, 13]
2016-11-01 13:13:53,457 INFO  [main] root: Try to establish connection with address: 131.159.217.108/50000
2016-11-01 13:13:53,561 INFO  [main] root: Connection established successfuly
2016-11-01 13:14:04,710 DEBUG [main] root: Message to send in byte: [80, 85, 84, 31, 49, 48, 31, 104, 101, 108, 108, 111, 119, 111, 114, 108, 100, 13]
2016-11-01 13:14:04,723 DEBUG [main] root: Recieved message in byte: [80, 85, 84, 95, 85, 80, 68, 65, 84, 69, 31, 104, 101, 108, 108, 111, 119, 111, 114, 108, 100, 13]
2016-11-01 13:14:08,223 DEBUG [main] root: Message to send in byte: [71, 69, 84, 31, 49, 49, 48, 31, 13]
2016-11-01 13:14:08,226 DEBUG [main] root: Recieved message in byte: [71, 69, 84, 95, 69, 82, 82, 79, 82, 31, 13]
2016-11-01 13:14:11,913 DEBUG [main] root: Message to send in byte: [71, 69, 84, 31, 49, 48, 31, 13]
2016-11-01 13:14:12,272 DEBUG [main] root: Recieved message in byte: [71, 69, 84, 95, 83, 85, 67, 67, 69, 83, 83, 31, 104, 101, 108, 108, 111, 119, 111, 114, 108, 100, 13]
2016-11-01 13:16:43,582 INFO  [main] root: Connection to server was closed
2016-11-01 13:16:59,170 INFO  [main] root: Try to establish connection with address: 131.159.217.108/50000
2016-11-01 13:17:01,185 INFO  [main] root: connect timed out
2016-11-01 13:17:40,169 INFO  [main] root: Try to establish connection with address: 131.159.217.108/50000
2016-11-01 13:17:40,172 INFO  [main] root: Connection established successfuly
2016-11-01 13:17:51,886 DEBUG [main] root: Message to send in byte: [80, 85, 84, 31, 49, 48, 31, 104, 101, 108, 108, 111, 119, 111, 114, 108, 100, 13]
2016-11-01 13:17:51,992 DEBUG [main] root: Recieved message in byte: [80, 85, 84, 95, 83, 85, 67, 67, 69, 83, 83, 31, 13]
2016-11-01 13:17:59,565 DEBUG [main] root: Message to send in byte: [80, 85, 84, 31, 49, 49, 31, 111, 115, 110, 102, 97, 100, 97, 111, 100, 13]
2016-11-01 13:17:59,569 DEBUG [main] root: Recieved message in byte: [80, 85, 84, 95, 83, 85, 67, 67, 69, 83, 83, 31, 13]
2016-11-01 13:18:08,832 DEBUG [main] root: Message to send in byte: [80, 85, 84, 31, 49, 50, 31, 108, 97, 115, 116, 111, 110, 101, 13]
2016-11-01 13:18:08,841 DEBUG [main] root: Recieved message in byte: [80, 85, 84, 95, 83, 85, 67, 67, 69, 83, 83, 31, 13]
2016-11-01 13:18:14,919 DEBUG [main] root: Message to send in byte: [71, 69, 84, 31, 49, 49, 31, 13]
2016-11-01 13:18:15,218 DEBUG [main] root: Recieved message in byte: [71, 69, 84, 95, 83, 85, 67, 67, 69, 83, 83, 31, 111, 115, 110, 102, 97, 100, 97, 111, 100, 13]
2016-11-01 13:18:20,312 DEBUG [main] root: Message to send in byte: [71, 69, 84, 31, 49, 48, 31, 13]
2016-11-01 13:18:20,328 DEBUG [main] root: Recieved message in byte: [71, 69, 84, 95, 83, 85, 67, 67, 69, 83, 83, 31, 104, 101, 108, 108, 111, 119, 111, 114, 108, 100, 13]
2016-11-01 13:18:31,592 DEBUG [main] root: Message to send in byte: [80, 85, 84, 31, 49, 51, 31, 116, 101, 115, 116, 13]
2016-11-01 13:18:31,608 DEBUG [main] root: Recieved message in byte: [80, 85, 84, 95, 83, 85, 67, 67, 69, 83, 83, 31, 13]
2016-11-01 13:19:07,329 DEBUG [main] root: Message to send in byte: [71, 69, 84, 31, 49, 48, 31, 13]
2016-11-01 13:19:07,336 DEBUG [main] root: Recieved message in byte: [71, 69, 84, 95, 83, 85, 67, 67, 69, 83, 83, 31, 104, 101, 108, 108, 111, 119, 111, 114, 108, 100, 13]
2016-11-01 13:19:11,367 DEBUG [main] root: Message to send in byte: [71, 69, 84, 31, 49, 51, 31, 13]
2016-11-01 13:19:11,370 DEBUG [main] root: Recieved message in byte: [71, 69, 84, 95, 83, 85, 67, 67, 69, 83, 83, 31, 116, 101, 115, 116, 13]
2016-11-01 13:19:14,349 DEBUG [main] root: Message to send in byte: [71, 69, 84, 31, 49, 51, 31, 13]
2016-11-01 13:19:14,377 DEBUG [main] root: Recieved message in byte: [71, 69, 84, 95, 83, 85, 67, 67, 69, 83, 83, 31, 116, 101, 115, 116, 13]
2016-11-01 13:19:16,331 DEBUG [main] root: Message to send in byte: [71, 69, 84, 31, 49, 52, 31, 13]
2016-11-01 13:19:16,336 DEBUG [main] root: Recieved message in byte: [71, 69, 84, 95, 69, 82, 82, 79, 82, 31, 13]
2016-11-01 13:19:30,625 DEBUG [main] root: Message to send in byte: [80, 85, 84, 31, 49, 52, 31, 115, 111, 109, 101, 116, 104, 105, 103, 101, 108, 115, 101, 13]
2016-11-01 13:19:30,671 DEBUG [main] root: Recieved message in byte: [80, 85, 84, 95, 83, 85, 67, 67, 69, 83, 83, 31, 13]
2016-11-01 13:19:47,698 DEBUG [main] root: Message to send in byte: [71, 69, 84, 31, 49, 50, 31, 13]
2016-11-01 13:19:47,703 DEBUG [main] root: Recieved message in byte: [71, 69, 84, 95, 83, 85, 67, 67, 69, 83, 83, 31, 108, 97, 115, 116, 111, 110, 101, 13]
2016-11-01 13:20:21,624 DEBUG [main] root: Message to send in byte: [80, 85, 84, 31, 49, 53, 31, 110, 111, 99, 104, 101, 116, 119, 13]
2016-11-01 13:20:21,670 DEBUG [main] root: Recieved message in byte: [80, 85, 84, 95, 83, 85, 67, 67, 69, 83, 83, 31, 13]
2016-11-01 13:21:12,416 DEBUG [main] root: Message to send in byte: [80, 85, 84, 31, 49, 50, 31, 110, 111, 119, 13]
2016-11-01 13:21:12,441 DEBUG [main] root: Recieved message in byte: [80, 85, 84, 95, 83, 85, 67, 67, 69, 83, 83, 31, 13]
2016-11-01 13:21:18,251 DEBUG [main] root: Message to send in byte: [80, 85, 84, 31, 49, 50, 31, 110, 117, 108, 108, 13]
2016-11-01 13:21:18,302 DEBUG [main] root: Recieved message in byte: [68, 69, 76, 69, 84, 69, 95, 83, 85, 67, 67, 69, 83, 83, 31, 13]
2016-11-01 13:21:25,871 DEBUG [main] root: Message to send in byte: [71, 69, 84, 31, 49, 50, 31, 13]
2016-11-01 13:21:25,884 DEBUG [main] root: Recieved message in byte: [71, 69, 84, 95, 83, 85, 67, 67, 69, 83, 83, 31, 108, 97, 115, 116, 111, 110, 101, 13]
2016-11-01 13:26:40,484 INFO  [main] root: Connection to server was closed
2016-11-01 13:26:52,352 INFO  [main] root: Try to establish connection with address: 131.159.217.108/50000
2016-11-01 13:26:54,362 INFO  [main] root: connect timed out
2016-11-01 13:27:10,352 INFO  [main] root: Try to establish connection with address: 131.159.217.108/50000
2016-11-01 13:27:11,385 INFO  [main] root: Connection refused: connect
2016-11-01 13:27:33,930 INFO  [main] root: Try to establish connection with address: 131.159.217.108/50000
2016-11-01 13:27:33,935 INFO  [main] root: Connection established successfuly
2016-11-01 13:29:22,051 DEBUG [main] root: Message to send in byte: [80, 85, 84, 31, 49, 48, 31, 104, 101, 108, 108, 111, 13]
2016-11-01 13:29:22,199 DEBUG [main] root: Recieved message in byte: [80, 85, 84, 95, 83, 85, 67, 67, 69, 83, 83, 31, 13]
2016-11-01 13:29:53,068 DEBUG [main] root: Message to send in byte: [80, 85, 84, 31, 49, 49, 31, 104, 105, 13]
2016-11-01 13:29:53,074 DEBUG [main] root: Recieved message in byte: [80, 85, 84, 95, 83, 85, 67, 67, 69, 83, 83, 31, 13]
2016-11-01 13:30:19,318 DEBUG [main] root: Message to send in byte: [71, 69, 84, 31, 49, 49, 31, 13]
2016-11-01 13:30:19,326 DEBUG [main] root: Recieved message in byte: [71, 69, 84, 95, 83, 85, 67, 67, 69, 83, 83, 31, 104, 105, 13]
2016-11-01 13:30:28,941 DEBUG [main] root: Message to send in byte: [80, 85, 84, 31, 49, 50, 31, 119, 101, 108, 108, 99, 111, 109, 101, 13]
2016-11-01 13:30:28,954 DEBUG [main] root: Recieved message in byte: [80, 85, 84, 95, 83, 85, 67, 67, 69, 83, 83, 31, 13]
2016-11-01 13:30:40,273 DEBUG [main] root: Message to send in byte: [71, 69, 84, 31, 49, 50, 31, 13]
2016-11-01 13:30:40,346 DEBUG [main] root: Recieved message in byte: [71, 69, 84, 95, 83, 85, 67, 67, 69, 83, 83, 31, 119, 105, 108, 108, 107, 111, 109, 109, 101, 110, 13]
2016-11-01 13:32:17,622 DEBUG [main] root: Message to send in byte: [71, 69, 84, 31, 49, 48, 31, 13]
2016-11-01 13:32:17,867 DEBUG [main] root: Recieved message in byte: [71, 69, 84, 95, 83, 85, 67, 67, 69, 83, 83, 31, 104, 101, 121, 13]
2016-11-01 13:32:20,883 DEBUG [main] root: Message to send in byte: [71, 69, 84, 31, 49, 49, 31, 13]
2016-11-01 13:32:20,896 DEBUG [main] root: Recieved message in byte: [71, 69, 84, 95, 83, 85, 67, 67, 69, 83, 83, 31, 97, 103, 97, 105, 110, 13]
2016-11-01 13:32:28,735 DEBUG [main] root: Message to send in byte: [80, 85, 84, 31, 49, 51, 31, 101, 116, 119, 97, 115, 13]
2016-11-01 13:32:28,748 DEBUG [main] root: Recieved message in byte: [80, 85, 84, 95, 83, 85, 67, 67, 69, 83, 83, 31, 13]
2016-11-01 13:34:41,684 INFO  [main] root: Connection to server was closed
2016-11-01 13:35:14,675 INFO  [main] root: Try to establish connection with address: 131.159.217.108/50000
2016-11-01 13:35:14,709 INFO  [main] root: Connection established successfuly
2016-11-01 13:46:52,522 INFO  [main] root: Connection to server was closed
2016-11-01 13:47:00,397 INFO  [main] root: Try to establish connection with address: 131.159.217.108/50000
2016-11-01 13:47:00,402 INFO  [main] root: Connection established successfuly
2016-11-01 13:47:07,277 DEBUG [main] root: Message to send in byte: [80, 85, 84, 31, 49, 48, 31, 102, 105, 114, 115, 116, 13]
2016-11-01 13:47:07,316 DEBUG [main] root: Recieved message in byte: [80, 85, 84, 95, 83, 85, 67, 67, 69, 83, 83, 31, 13]
2016-11-01 13:47:12,247 DEBUG [main] root: Message to send in byte: [80, 85, 84, 31, 49, 49, 31, 115, 101, 99, 111, 110, 100, 13]
2016-11-01 13:47:12,263 DEBUG [main] root: Recieved message in byte: [80, 85, 84, 95, 83, 85, 67, 67, 69, 83, 83, 31, 13]
2016-11-01 13:47:21,735 DEBUG [main] root: Message to send in byte: [80, 85, 84, 31, 49, 50, 31, 116, 104, 105, 114, 100, 13]
2016-11-01 13:47:21,741 DEBUG [main] root: Recieved message in byte: [80, 85, 84, 95, 83, 85, 67, 67, 69, 83, 83, 31, 13]
2016-11-01 13:47:28,232 DEBUG [main] root: Message to send in byte: [71, 69, 84, 31, 49, 48, 31, 13]
2016-11-01 13:47:28,258 DEBUG [main] root: Recieved message in byte: [71, 69, 84, 95, 83, 85, 67, 67, 69, 83, 83, 31, 102, 105, 114, 115, 116, 13]
2016-11-01 13:47:31,664 DEBUG [main] root: Message to send in byte: [71, 69, 84, 31, 49, 49, 31, 13]
2016-11-01 13:47:31,675 DEBUG [main] root: Recieved message in byte: [71, 69, 84, 95, 83, 85, 67, 67, 69, 83, 83, 31, 115, 101, 99, 111, 110, 100, 13]
2016-11-01 13:47:43,451 DEBUG [main] root: Message to send in byte: [80, 85, 84, 31, 49, 51, 31, 115, 116, 104, 13]
2016-11-01 13:47:43,485 DEBUG [main] root: Recieved message in byte: [80, 85, 84, 95, 83, 85, 67, 67, 69, 83, 83, 31, 13]
2016-11-01 13:50:34,840 INFO  [main] root: Connection to server was closed
2016-11-01 13:50:43,753 INFO  [main] root: Try to establish connection with address: 131.159.217.108/50000
2016-11-01 13:50:43,781 INFO  [main] root: Connection established successfuly
2016-11-01 13:50:59,111 DEBUG [main] root: Message to send in byte: [80, 85, 84, 31, 49, 48, 31, 97, 100, 97, 100, 13]
2016-11-01 13:50:59,491 DEBUG [main] root: Recieved message in byte: [80, 85, 84, 95, 83, 85, 67, 67, 69, 83, 83, 31, 13]
2016-11-01 13:51:07,300 DEBUG [main] root: Message to send in byte: [80, 85, 84, 31, 49, 49, 31, 104, 97, 104, 97, 13]
2016-11-01 13:51:07,302 DEBUG [main] root: Recieved message in byte: [80, 85, 84, 95, 83, 85, 67, 67, 69, 83, 83, 31, 13]
2016-11-01 13:51:12,901 DEBUG [main] root: Message to send in byte: [80, 85, 84, 31, 49, 50, 31, 98, 108, 97, 98, 108, 97, 13]
2016-11-01 13:51:12,914 DEBUG [main] root: Recieved message in byte: [80, 85, 84, 95, 83, 85, 67, 67, 69, 83, 83, 31, 13]
2016-11-01 13:51:17,925 DEBUG [main] root: Message to send in byte: [71, 69, 84, 31, 49, 48, 31, 13]
2016-11-01 13:53:32,653 DEBUG [main] root: Recieved message in byte: [-1]
2016-11-01 13:53:32,655 INFO  [main] root: Get failed. No enum constant common.messages.KVMessage.StatusType.
2016-11-01 14:13:07,253 INFO  [main] root: Try to establish connection with address: 131.159.217.108/50000
2016-11-01 14:13:07,405 INFO  [main] root: Connection established successfuly
2016-11-01 14:13:14,447 DEBUG [main] root: Message to send in byte: [80, 85, 84, 31, 49, 48, 31, 116, 104, 105, 115, 32, 13]
2016-11-01 14:13:14,665 DEBUG [main] root: Recieved message in byte: [80, 85, 84, 95, 83, 85, 67, 67, 69, 83, 83, 31, 13]
2016-11-01 14:13:20,947 DEBUG [main] root: Message to send in byte: [80, 85, 84, 31, 49, 49, 31, 105, 115, 32, 13]
2016-11-01 14:13:20,951 DEBUG [main] root: Recieved message in byte: [80, 85, 84, 95, 83, 85, 67, 67, 69, 83, 83, 31, 13]
2016-11-01 14:13:24,389 DEBUG [main] root: Message to send in byte: [80, 85, 84, 31, 49, 50, 31, 97, 32, 13]
2016-11-01 14:13:24,393 DEBUG [main] root: Recieved message in byte: [80, 85, 84, 95, 83, 85, 67, 67, 69, 83, 83, 31, 13]
2016-11-01 14:13:29,143 DEBUG [main] root: Message to send in byte: [71, 69, 84, 31, 49, 48, 31, 13]
2016-11-01 14:13:29,340 DEBUG [main] root: Recieved message in byte: [71, 69, 84, 95, 83, 85, 67, 67, 69, 83, 83, 31, 116, 104, 105, 115, 32, 13]
2016-11-01 14:13:36,445 DEBUG [main] root: Message to send in byte: [71, 69, 84, 31, 49, 49, 31, 13]
2016-11-01 14:13:36,476 DEBUG [main] root: Recieved message in byte: [71, 69, 84, 95, 83, 85, 67, 67, 69, 83, 83, 31, 105, 115, 32, 13]
2016-11-01 14:13:42,804 DEBUG [main] root: Message to send in byte: [80, 85, 84, 31, 49, 51, 31, 116, 101, 115, 116, 32, 13]
2016-11-01 14:13:42,837 DEBUG [main] root: Recieved message in byte: [80, 85, 84, 95, 83, 85, 67, 67, 69, 83, 83, 31, 13]
2016-11-01 14:14:17,294 INFO  [main] root: Connection to server was closed
